<?xml version="1.0" encoding="UTF-8"?>
<testng-results ignored="0" total="1" passed="1" failed="0" skipped="0">
  <reporter-output>
  </reporter-output>
  <suite started-at="2019-09-16T11:51:01 IST" name="Default suite" finished-at="2019-09-16T11:51:36 IST" duration-ms="35071">
    <groups>
    </groups>
    <test started-at="2019-09-16T11:51:01 IST" name="Default test" finished-at="2019-09-16T11:51:36 IST" duration-ms="35071">
      <class name="com.training.sanity.tests.Genreport">
        <test-method is-config="true" signature="setUpBeforeClass()[pri:0, instance:com.training.sanity.tests.Genreport@43ee72e6]" started-at="2019-09-16T11:51:01 IST" name="setUpBeforeClass" finished-at="2019-09-16T11:51:01 IST" duration-ms="16" status="PASS">
          <reporter-output>
          </reporter-output>
        </test-method> <!-- setUpBeforeClass -->
        <test-method is-config="true" signature="setUp()[pri:0, instance:com.training.sanity.tests.Genreport@43ee72e6]" started-at="2019-09-16T11:51:01 IST" name="setUp" finished-at="2019-09-16T11:51:13 IST" duration-ms="11711" status="PASS">
          <reporter-output>
          </reporter-output>
        </test-method> <!-- setUp -->
        <test-method signature="validcreatecourse()[pri:0, instance:com.training.sanity.tests.Genreport@43ee72e6]" started-at="2019-09-16T11:51:13 IST" name="validcreatecourse" finished-at="2019-09-16T11:51:36 IST" duration-ms="23281" status="PASS">
          <reporter-output>
          </reporter-output>
        </test-method> <!-- validcreatecourse -->
        <test-method is-config="true" signature="tearDown()[pri:0, instance:com.training.sanity.tests.Genreport@43ee72e6]" started-at="2019-09-16T11:51:36 IST" name="tearDown" finished-at="2019-09-16T11:51:36 IST" duration-ms="0" status="PASS">
          <reporter-output>
          </reporter-output>
        </test-method> <!-- tearDown -->
      </class> <!-- com.training.sanity.tests.Genreport -->
    </test> <!-- Default test -->
  </suite> <!-- Default suite -->
</testng-results>
