<?xml version="1.0" encoding="UTF-8"?>
<testng-results ignored="0" total="1" passed="1" failed="0" skipped="0">
  <reporter-output>
  </reporter-output>
  <suite started-at="2019-09-05T16:49:18 IST" name="Default suite" finished-at="2019-09-05T16:49:56 IST" duration-ms="37257">
    <groups>
    </groups>
    <test started-at="2019-09-05T16:49:18 IST" name="Default test" finished-at="2019-09-05T16:49:56 IST" duration-ms="37257">
      <class name="com.training.sanity.tests.Createcourse">
        <test-method is-config="true" signature="setUpBeforeClass()[pri:0, instance:com.training.sanity.tests.Createcourse@43ee72e6]" started-at="2019-09-05T16:49:18 IST" name="setUpBeforeClass" finished-at="2019-09-05T16:49:18 IST" duration-ms="16" status="PASS">
          <reporter-output>
          </reporter-output>
        </test-method> <!-- setUpBeforeClass -->
        <test-method is-config="true" signature="setUp()[pri:0, instance:com.training.sanity.tests.Createcourse@43ee72e6]" started-at="2019-09-05T16:49:18 IST" name="setUp" finished-at="2019-09-05T16:49:29 IST" duration-ms="10874" status="PASS">
          <reporter-output>
          </reporter-output>
        </test-method> <!-- setUp -->
        <test-method signature="validcreatecourse()[pri:0, instance:com.training.sanity.tests.Createcourse@43ee72e6]" started-at="2019-09-05T16:49:29 IST" name="validcreatecourse" finished-at="2019-09-05T16:49:56 IST" duration-ms="26333" status="PASS">
          <reporter-output>
          </reporter-output>
        </test-method> <!-- validcreatecourse -->
        <test-method is-config="true" signature="tearDown()[pri:0, instance:com.training.sanity.tests.Createcourse@43ee72e6]" started-at="2019-09-05T16:49:56 IST" name="tearDown" finished-at="2019-09-05T16:49:56 IST" duration-ms="0" status="PASS">
          <reporter-output>
          </reporter-output>
        </test-method> <!-- tearDown -->
      </class> <!-- com.training.sanity.tests.Createcourse -->
    </test> <!-- Default test -->
  </suite> <!-- Default suite -->
</testng-results>
